<?xml version="1.0" encoding="UTF-8" ?>
<testsuite errors="0" failures="1" hostname="sudhanshu-ug1-2124" name="autograder.ExplodeTest" skipped="0" tests="1" time="0.247" timestamp="2017-04-18T18:51:26">
  <properties>
[...]
</properties>
  <testcase classname="autograder.ExplodeTest" name="testExplode" time="0.154">
    <failure message="(whitespace removed) expected:&lt;[------]&gt; but was:&lt;[2-1]&gt;" type="junit.framework.AssertionFailedError">junit.framework.AssertionFailedError: (whitespace removed) expected:&lt;[------]&gt; but was:&lt;[2-1]&gt;
	at autograder.ExplodeTest.testExplode(ExplodeTest.java:51)
	at java.util.concurrent.FutureTask.run(FutureTask.java:266)
	at java.lang.Thread.run(Thread.java:745)
</failure>
  </testcase>
  <system-out><![CDATA[]]></system-out>
  <system-err><![CDATA[]]></system-err>
</testsuite>
