<?xml version="1.0" encoding="UTF-8" ?>
<testsuite errors="0" failures="0" hostname="sudhanshu-ug1-2124" name="expressivo.CommandsTest" skipped="0" tests="11" time="0.95" timestamp="2017-03-21T11:46:41">
  <properties>
[...]
</properties>
  <testcase classname="expressivo.CommandsTest" name="testExprTimesNum" time="0.214" />
  <testcase classname="expressivo.CommandsTest" name="testExprPlusVar" time="0.077" />
  <testcase classname="expressivo.CommandsTest" name="testExprTimesExpr" time="0.205" />
  <testcase classname="expressivo.CommandsTest" name="testExprPlusExpr" time="0.101" />
  <testcase classname="expressivo.CommandsTest" name="testSingleNum" time="0.025" />
  <testcase classname="expressivo.CommandsTest" name="testSingleVar" time="0.028" />
  <testcase classname="expressivo.CommandsTest" name="testAssertionsEnabled" time="0.001" />
  <testcase classname="expressivo.CommandsTest" name="testNumTimesVar" time="0.047" />
  <testcase classname="expressivo.CommandsTest" name="testVarPlusNum" time="0.024" />
  <testcase classname="expressivo.CommandsTest" name="testNumPlusExpr" time="0.049" />
  <testcase classname="expressivo.CommandsTest" name="testVarTimesExpr" time="0.078" />
  <system-out><![CDATA[]]></system-out>
  <system-err><![CDATA[]]></system-err>
</testsuite>
