<?xml version="1.0" encoding="UTF-8" ?>
<testsuite errors="0" failures="0" hostname="SUDHANSHU-UG1-2124" name="library.BookCopyTest" skipped="0" tests="7" time="0.107" timestamp="2016-12-05T20:24:01">
  <properties>
[...]
</properties>
  <testcase classname="library.BookCopyTest" name="testConditionAndString" time="0.003" />
  <testcase classname="library.BookCopyTest" name="testGetBook" time="0.001" />
  <testcase classname="library.BookCopyTest" name="testAssertionsEnabled" time="0.0" />
  <testcase classname="library.BookCopyTest" name="testSameValueDiffRef" time="0.001" />
  <testcase classname="library.BookCopyTest" name="testDiffValueDiffRef" time="0.0" />
  <testcase classname="library.BookCopyTest" name="testSameRef" time="0.001" />
  <testcase classname="library.BookCopyTest" name="testExampleTest" time="0.0" />
  <system-out><![CDATA[]]></system-out>
  <system-err><![CDATA[]]></system-err>
</testsuite>
